生成启动时间为 2016/5/28 23:49:46。
     1>项目“C:\Users\ljxfo\Documents\Codes\Compiler2016\Compiler2016.vcxproj”在节点 2 上(Build 个目标)。
     1>ClCompile:
         C:\Program Files (x86)\Microsoft Visual Studio 12.0\VC\bin\CL.exe /c /ZI /nologo /W3 /WX- /Od /Oy- /D WIN32 /D _DEBUG /D _CONSOLE /D _LIB /D _UNICODE /D UNICODE /Gm /EHsc /RTC1 /MDd /GS /fp:precise /Zc:wchar_t /Zc:forScope /Fo"Debug\\" /Fd"Debug\vc120.pdb" /Gd /TC /analyze- /errorReport:prompt interprete.c main.c optimize.c semantics.c translate.c
         translate.c
     1>c:\users\ljxfo\documents\codes\compiler2016\translate.c : warning C4819: 该文件包含不能在当前代码页(936)中表示的字符。请将该文件保存为 Unicode 格式以防止数据丢失
     1>c:\users\ljxfo\documents\codes\compiler2016\translate.c(90): warning C4996: 'strdup': The POSIX name for this item is deprecated. Instead, use the ISO C++ conformant name: _strdup. See online help for details.
                 c:\program files (x86)\microsoft visual studio 12.0\vc\include\string.h(245) : 参见“strdup”的声明
     1>c:\users\ljxfo\documents\codes\compiler2016\translate.c(98): warning C4996: 'strdup': The POSIX name for this item is deprecated. Instead, use the ISO C++ conformant name: _strdup. See online help for details.
                 c:\program files (x86)\microsoft visual studio 12.0\vc\include\string.h(245) : 参见“strdup”的声明
     1>c:\users\ljxfo\documents\codes\compiler2016\translate.c(108): warning C4996: 'strdup': The POSIX name for this item is deprecated. Instead, use the ISO C++ conformant name: _strdup. See online help for details.
                 c:\program files (x86)\microsoft visual studio 12.0\vc\include\string.h(245) : 参见“strdup”的声明
     1>c:\users\ljxfo\documents\codes\compiler2016\translate.c(115): warning C4996: 'strdup': The POSIX name for this item is deprecated. Instead, use the ISO C++ conformant name: _strdup. See online help for details.
                 c:\program files (x86)\microsoft visual studio 12.0\vc\include\string.h(245) : 参见“strdup”的声明
     1>c:\users\ljxfo\documents\codes\compiler2016\translate.c(125): warning C4996: 'strdup': The POSIX name for this item is deprecated. Instead, use the ISO C++ conformant name: _strdup. See online help for details.
                 c:\program files (x86)\microsoft visual studio 12.0\vc\include\string.h(245) : 参见“strdup”的声明
     1>c:\users\ljxfo\documents\codes\compiler2016\translate.c(132): warning C4996: 'strdup': The POSIX name for this item is deprecated. Instead, use the ISO C++ conformant name: _strdup. See online help for details.
                 c:\program files (x86)\microsoft visual studio 12.0\vc\include\string.h(245) : 参见“strdup”的声明
     1>c:\users\ljxfo\documents\codes\compiler2016\translate.c(138): warning C4996: 'strdup': The POSIX name for this item is deprecated. Instead, use the ISO C++ conformant name: _strdup. See online help for details.
                 c:\program files (x86)\microsoft visual studio 12.0\vc\include\string.h(245) : 参见“strdup”的声明
     1>c:\users\ljxfo\documents\codes\compiler2016\translate.c(146): warning C4996: 'strdup': The POSIX name for this item is deprecated. Instead, use the ISO C++ conformant name: _strdup. See online help for details.
                 c:\program files (x86)\microsoft visual studio 12.0\vc\include\string.h(245) : 参见“strdup”的声明
     1>c:\users\ljxfo\documents\codes\compiler2016\translate.c(156): warning C4996: 'strdup': The POSIX name for this item is deprecated. Instead, use the ISO C++ conformant name: _strdup. See online help for details.
                 c:\program files (x86)\microsoft visual studio 12.0\vc\include\string.h(245) : 参见“strdup”的声明
     1>c:\users\ljxfo\documents\codes\compiler2016\translate.c(168): warning C4996: 'strdup': The POSIX name for this item is deprecated. Instead, use the ISO C++ conformant name: _strdup. See online help for details.
                 c:\program files (x86)\microsoft visual studio 12.0\vc\include\string.h(245) : 参见“strdup”的声明
     1>c:\users\ljxfo\documents\codes\compiler2016\translate.c(180): warning C4996: 'strdup': The POSIX name for this item is deprecated. Instead, use the ISO C++ conformant name: _strdup. See online help for details.
                 c:\program files (x86)\microsoft visual studio 12.0\vc\include\string.h(245) : 参见“strdup”的声明
     1>c:\users\ljxfo\documents\codes\compiler2016\translate.c(190): warning C4996: 'strdup': The POSIX name for this item is deprecated. Instead, use the ISO C++ conformant name: _strdup. See online help for details.
                 c:\program files (x86)\microsoft visual studio 12.0\vc\include\string.h(245) : 参见“strdup”的声明
     1>c:\users\ljxfo\documents\codes\compiler2016\translate.c(200): warning C4996: 'strdup': The POSIX name for this item is deprecated. Instead, use the ISO C++ conformant name: _strdup. See online help for details.
                 c:\program files (x86)\microsoft visual studio 12.0\vc\include\string.h(245) : 参见“strdup”的声明
     1>c:\users\ljxfo\documents\codes\compiler2016\translate.c(212): warning C4996: 'strdup': The POSIX name for this item is deprecated. Instead, use the ISO C++ conformant name: _strdup. See online help for details.
                 c:\program files (x86)\microsoft visual studio 12.0\vc\include\string.h(245) : 参见“strdup”的声明
     1>c:\users\ljxfo\documents\codes\compiler2016\translate.c(224): warning C4996: 'strdup': The POSIX name for this item is deprecated. Instead, use the ISO C++ conformant name: _strdup. See online help for details.
                 c:\program files (x86)\microsoft visual studio 12.0\vc\include\string.h(245) : 参见“strdup”的声明
     1>c:\users\ljxfo\documents\codes\compiler2016\translate.c(236): warning C4996: 'strdup': The POSIX name for this item is deprecated. Instead, use the ISO C++ conformant name: _strdup. See online help for details.
                 c:\program files (x86)\microsoft visual studio 12.0\vc\include\string.h(245) : 参见“strdup”的声明
     1>c:\users\ljxfo\documents\codes\compiler2016\translate.c(248): warning C4996: 'strdup': The POSIX name for this item is deprecated. Instead, use the ISO C++ conformant name: _strdup. See online help for details.
                 c:\program files (x86)\microsoft visual studio 12.0\vc\include\string.h(245) : 参见“strdup”的声明
     1>c:\users\ljxfo\documents\codes\compiler2016\translate.c(260): warning C4996: 'strdup': The POSIX name for this item is deprecated. Instead, use the ISO C++ conformant name: _strdup. See online help for details.
                 c:\program files (x86)\microsoft visual studio 12.0\vc\include\string.h(245) : 参见“strdup”的声明
     1>c:\users\ljxfo\documents\codes\compiler2016\translate.c(272): warning C4996: 'strdup': The POSIX name for this item is deprecated. Instead, use the ISO C++ conformant name: _strdup. See online help for details.
                 c:\program files (x86)\microsoft visual studio 12.0\vc\include\string.h(245) : 参见“strdup”的声明
     1>c:\users\ljxfo\documents\codes\compiler2016\translate.c(282): warning C4996: 'strdup': The POSIX name for this item is deprecated. Instead, use the ISO C++ conformant name: _strdup. See online help for details.
                 c:\program files (x86)\microsoft visual studio 12.0\vc\include\string.h(245) : 参见“strdup”的声明
     1>c:\users\ljxfo\documents\codes\compiler2016\translate.c(292): warning C4996: 'strdup': The POSIX name for this item is deprecated. Instead, use the ISO C++ conformant name: _strdup. See online help for details.
                 c:\program files (x86)\microsoft visual studio 12.0\vc\include\string.h(245) : 参见“strdup”的声明
     1>c:\users\ljxfo\documents\codes\compiler2016\translate.c(294): warning C4996: 'strdup': The POSIX name for this item is deprecated. Instead, use the ISO C++ conformant name: _strdup. See online help for details.
                 c:\program files (x86)\microsoft visual studio 12.0\vc\include\string.h(245) : 参见“strdup”的声明
     1>c:\users\ljxfo\documents\codes\compiler2016\translate.c(302): warning C4996: 'strdup': The POSIX name for this item is deprecated. Instead, use the ISO C++ conformant name: _strdup. See online help for details.
                 c:\program files (x86)\microsoft visual studio 12.0\vc\include\string.h(245) : 参见“strdup”的声明
     1>c:\users\ljxfo\documents\codes\compiler2016\translate.c(539): warning C4996: 'strdup': The POSIX name for this item is deprecated. Instead, use the ISO C++ conformant name: _strdup. See online help for details.
                 c:\program files (x86)\microsoft visual studio 12.0\vc\include\string.h(245) : 参见“strdup”的声明
         semantics.c
     1>c:\users\ljxfo\documents\codes\compiler2016\semantics.c : warning C4819: 该文件包含不能在当前代码页(936)中表示的字符。请将该文件保存为 Unicode 格式以防止数据丢失
     1>c:\users\ljxfo\documents\codes\compiler2016\semantics.c(62): warning C4996: 'sscanf': This function or variable may be unsafe. Consider using sscanf_s instead. To disable deprecation, use _CRT_SECURE_NO_WARNINGS. See online help for details.
                 c:\program files (x86)\microsoft visual studio 12.0\vc\include\stdio.h(304) : 参见“sscanf”的声明
     1>c:\users\ljxfo\documents\codes\compiler2016\semantics.c(115): warning C4996: 'strdup': The POSIX name for this item is deprecated. Instead, use the ISO C++ conformant name: _strdup. See online help for details.
                 c:\program files (x86)\microsoft visual studio 12.0\vc\include\string.h(245) : 参见“strdup”的声明
     1>c:\users\ljxfo\documents\codes\compiler2016\semantics.c(561): warning C4996: 'strdup': The POSIX name for this item is deprecated. Instead, use the ISO C++ conformant name: _strdup. See online help for details.
                 c:\program files (x86)\microsoft visual studio 12.0\vc\include\string.h(245) : 参见“strdup”的声明
     1>c:\users\ljxfo\documents\codes\compiler2016\semantics.c(883): warning C4819: 该文件包含不能在当前代码页(936)中表示的字符。请将该文件保存为 Unicode 格式以防止数据丢失
     1>c:\users\ljxfo\documents\codes\compiler2016\semantics.c(1317): warning C4244: “/=”: 从“double”转换到“int”，可能丢失数据
     1>c:\users\ljxfo\documents\codes\compiler2016\semantics.c(1685): warning C4996: 'strdup': The POSIX name for this item is deprecated. Instead, use the ISO C++ conformant name: _strdup. See online help for details.
                 c:\program files (x86)\microsoft visual studio 12.0\vc\include\string.h(245) : 参见“strdup”的声明
     1>c:\users\ljxfo\documents\codes\compiler2016\semantics.c(1696): warning C4996: 'strdup': The POSIX name for this item is deprecated. Instead, use the ISO C++ conformant name: _strdup. See online help for details.
                 c:\program files (x86)\microsoft visual studio 12.0\vc\include\string.h(245) : 参见“strdup”的声明
         optimize.c
     1>c:\users\ljxfo\documents\codes\compiler2016\optimize.c : warning C4819: 该文件包含不能在当前代码页(936)中表示的字符。请将该文件保存为 Unicode 格式以防止数据丢失
         main.c
     1>c:\users\ljxfo\documents\codes\compiler2016\main.c(23): warning C4996: 'fopen': This function or variable may be unsafe. Consider using fopen_s instead. To disable deprecation, use _CRT_SECURE_NO_WARNINGS. See online help for details.
                 c:\program files (x86)\microsoft visual studio 12.0\vc\include\stdio.h(211) : 参见“fopen”的声明
     1>c:\users\ljxfo\documents\codes\compiler2016\main.c(25): warning C4996: 'freopen': This function or variable may be unsafe. Consider using freopen_s instead. To disable deprecation, use _CRT_SECURE_NO_WARNINGS. See online help for details.
                 c:\program files (x86)\microsoft visual studio 12.0\vc\include\stdio.h(226) : 参见“freopen”的声明
     1>c:\users\ljxfo\documents\codes\compiler2016\main.c(26): warning C4996: 'freopen': This function or variable may be unsafe. Consider using freopen_s instead. To disable deprecation, use _CRT_SECURE_NO_WARNINGS. See online help for details.
                 c:\program files (x86)\microsoft visual studio 12.0\vc\include\stdio.h(226) : 参见“freopen”的声明
         interprete.c
     1>c:\users\ljxfo\documents\codes\compiler2016\interprete.c(243): warning C4996: 'fopen': This function or variable may be unsafe. Consider using fopen_s instead. To disable deprecation, use _CRT_SECURE_NO_WARNINGS. See online help for details.
                 c:\program files (x86)\microsoft visual studio 12.0\vc\include\stdio.h(211) : 参见“fopen”的声明
         正在生成代码...
     1>c:\users\ljxfo\documents\codes\compiler2016\semantics.c(800): warning C4715: “semantics_check_same_type”: 不是所有的控件路径都返回值
     1>c:\users\ljxfo\documents\codes\compiler2016\semantics.c(1596): warning C4715: “semantics_check_postfix_expression”: 不是所有的控件路径都返回值
     1>c:\users\ljxfo\documents\codes\compiler2016\translate.c(552): warning C4715: “vs_fetch_register”: 不是所有的控件路径都返回值
       Link:
         C:\Program Files (x86)\Microsoft Visual Studio 12.0\VC\bin\link.exe /ERRORREPORT:PROMPT /OUT:"C:\Users\ljxfo\Documents\Codes\Compiler2016\Debug\Compiler2016.exe" /INCREMENTAL /NOLOGO kernel32.lib user32.lib gdi32.lib winspool.lib comdlg32.lib advapi32.lib shell32.lib ole32.lib oleaut32.lib uuid.lib odbc32.lib odbccp32.lib /MANIFEST /MANIFESTUAC:"level='asInvoker' uiAccess='false'" /manifest:embed /DEBUG /PDB:"C:\Users\ljxfo\Documents\Codes\Compiler2016\Debug\Compiler2016.pdb" /SUBSYSTEM:CONSOLE /TLBID:1 /DYNAMICBASE /NXCOMPAT /IMPLIB:"C:\Users\ljxfo\Documents\Codes\Compiler2016\Debug\Compiler2016.lib" /MACHINE:X86 Debug\analyzer.tab.obj
         Debug\ast.obj
         Debug\interprete.obj
         Debug\lex.yy.obj
         Debug\main.obj
         Debug\optimize.obj
         Debug\semantics.obj
         Debug\translate.obj
         Debug\utility.obj
         Compiler2016.vcxproj -> C:\Users\ljxfo\Documents\Codes\Compiler2016\Debug\Compiler2016.exe
     1>已完成生成项目“C:\Users\ljxfo\Documents\Codes\Compiler2016\Compiler2016.vcxproj”(Build 个目标)的操作。

生成成功。

已用时间 00:00:07.27
